<?xml version="1.0" encoding="UTF-8"?>
<testng-results ignored="0" total="0" passed="0" failed="0" skipped="0">
  <reporter-output>
  </reporter-output>
  <suite started-at="2022-11-02T18:37:28 IST" name="Command line suite" finished-at="2022-11-02T18:37:28 IST" duration-ms="79">
    <groups>
    </groups>
    <test started-at="2022-11-02T18:37:28 IST" name="Command line test" finished-at="2022-11-02T18:37:28 IST" duration-ms="79">
    </test> <!-- Command line test -->
  </suite> <!-- Command line suite -->
</testng-results>
